0 info it worked if it ends with ok
1 verbose cli [ 'node', '/usr/local/bin/npm', 'install', 'sencha' ]
2 info using npm@2.0.0-alpha-5
3 info using node@v0.10.30
4 verbose node symlink /usr/local/bin/node
5 verbose cache add [ 'sencha', null ]
6 verbose cache add spec="sencha" args=["sencha",null]
7 verbose parsed spec { raw: 'sencha',
7 verbose parsed spec   scope: null,
7 verbose parsed spec   name: 'sencha',
7 verbose parsed spec   rawSpec: '',
7 verbose parsed spec   spec: '*',
7 verbose parsed spec   type: 'range' }
8 verbose addNamed [ 'sencha', '*' ]
9 verbose addNamed [ null, '*' ]
10 silly lockFile d05a2d3d-sencha sencha@*
11 verbose lock sencha@* /Users/simon/.npm/d05a2d3d-sencha.lock
12 silly addNameRange { name: 'sencha', range: '*', hasData: false }
13 verbose mapToRegistry name sencha
14 verbose mapToRegistry uri https://registry.npmjs.org/sencha
15 verbose request where is /sencha
16 verbose request registry https://registry.npmjs.org/
17 verbose request id 0460f2f54739ec90
18 verbose request url raw /sencha
19 verbose request url resolving [ 'https://registry.npmjs.org/', './sencha' ]
20 verbose request url resolved https://registry.npmjs.org/sencha
21 verbose request where is https://registry.npmjs.org/sencha
22 verbose request no basic auth needed
23 info trying registry request attempt 1 at 00:17:35
24 http GET https://registry.npmjs.org/sencha
25 http 404 https://registry.npmjs.org/sencha
26 verbose headers { date: 'Wed, 13 Aug 2014 22:17:36 GMT',
26 verbose headers   server: 'CouchDB/1.5.0 (Erlang OTP/R16B03)',
26 verbose headers   'content-type': 'application/json',
26 verbose headers   'cache-control': 'max-age=0',
26 verbose headers   'content-length': '52',
26 verbose headers   'accept-ranges': 'bytes',
26 verbose headers   via: '1.1 varnish',
26 verbose headers   age: '0',
26 verbose headers   'x-served-by': 'cache-fra1226-FRA',
26 verbose headers   'x-cache': 'MISS',
26 verbose headers   'x-cache-hits': '0',
26 verbose headers   'x-timer': 'S1407968255.999495,VS0,VE701',
26 verbose headers   'keep-alive': 'timeout=10, max=50',
26 verbose headers   connection: 'Keep-Alive' }
27 silly registry.get cb [ 404,
27 silly registry.get   { date: 'Wed, 13 Aug 2014 22:17:36 GMT',
27 silly registry.get     server: 'CouchDB/1.5.0 (Erlang OTP/R16B03)',
27 silly registry.get     'content-type': 'application/json',
27 silly registry.get     'cache-control': 'max-age=0',
27 silly registry.get     'content-length': '52',
27 silly registry.get     'accept-ranges': 'bytes',
27 silly registry.get     via: '1.1 varnish',
27 silly registry.get     age: '0',
27 silly registry.get     'x-served-by': 'cache-fra1226-FRA',
27 silly registry.get     'x-cache': 'MISS',
27 silly registry.get     'x-cache-hits': '0',
27 silly registry.get     'x-timer': 'S1407968255.999495,VS0,VE701',
27 silly registry.get     'keep-alive': 'timeout=10, max=50',
27 silly registry.get     connection: 'Keep-Alive' } ]
28 silly lockFile d05a2d3d-sencha sencha@*
29 silly lockFile d05a2d3d-sencha sencha@*
30 error 404 404 Not Found: sencha
30 error 404
30 error 404 'sencha' is not in the npm registry.
30 error 404 You should bug the author to publish it
30 error 404
30 error 404 Note that you can also install from a
30 error 404 tarball, folder, or http url, or git url.
31 error System Darwin 13.3.0
32 error command "node" "/usr/local/bin/npm" "install" "sencha"
33 error cwd /Users/simon/Code/Lofsdalen
34 error node -v v0.10.30
35 error npm -v 2.0.0-alpha-5
36 error code E404
37 verbose exit [ 1, true ]
